# JRE version: OpenJDK Runtime Environment (8.0_242-b01) (build 1.8.0_242-release-1644-b01)
# Java VM: OpenJDK 64-Bit Server VM (25.242-b01 mixed mode windows-amd64 compressed oops)
Heap:
 PSYoungGen      total 324096K, used 138716K [0x00000000d5580000, 0x00000000eba00000, 0x0000000100000000)
  eden space 303616K, 45% used [0x00000000d5580000,0x00000000ddcf70d8,0x00000000e7e00000)
  from space 20480K, 0% used [0x00000000e9800000,0x00000000e9800000,0x00000000eac00000)
  to   space 26624K, 0% used [0x00000000e7e00000,0x00000000e7e00000,0x00000000e9800000)
 ParOldGen       total 229376K, used 39773K [0x0000000080000000, 0x000000008e000000, 0x00000000d5580000)
  object space 229376K, 17% used [0x0000000080000000,0x00000000826d7410,0x000000008e000000)
 Metaspace       used 63430K, capacity 66358K, committed 66456K, reserved 1105920K
  class space    used 8796K, capacity 9360K, committed 9392K, reserved 1048576K
GC Heap History (10 events):
Event: 8.489 GC heap before
{Heap before GC invocations=7 (full 1):
 PSYoungGen      total 140800K, used 46971K [0x00000000d5580000, 0x00000000e4300000, 0x0000000100000000)
  eden space 130048K, 27% used [0x00000000d5580000,0x00000000d78e2da8,0x00000000dd480000)
  from space 10752K, 99% used [0x00000000dd480000,0x00000000ddefc248,0x00000000ddf00000)
  to   space 15872K, 0% used [0x00000000e3380000,0x00000000e3380000,0x00000000e4300000)
 ParOldGen       total 95744K, used 10362K [0x0000000080000000, 0x0000000085d80000, 0x00000000d5580000)
  object space 95744K, 10% used [0x0000000080000000,0x0000000080a1eb50,0x0000000085d80000)
 Metaspace       used 34322K, capacity 35414K, committed 35496K, reserved 1079296K
  class space    used 4720K, capacity 5002K, committed 5040K, reserved 1048576K
Event: 8.517 GC heap after
Heap after GC invocations=7 (full 1):
 PSYoungGen      total 228352K, used 8324K [0x00000000d5580000, 0x00000000e4700000, 0x0000000100000000)
  eden space 212480K, 0% used [0x00000000d5580000,0x00000000d5580000,0x00000000e2500000)
  from space 15872K, 52% used [0x00000000e3380000,0x00000000e3ba1320,0x00000000e4300000)
  to   space 14848K, 0% used [0x00000000e2500000,0x00000000e2500000,0x00000000e3380000)
 ParOldGen       total 95744K, used 10362K [0x0000000080000000, 0x0000000085d80000, 0x00000000d5580000)
  object space 95744K, 10% used [0x0000000080000000,0x0000000080a1eb50,0x0000000085d80000)
 Metaspace       used 34322K, capacity 35414K, committed 35496K, reserved 1079296K
  class space    used 4720K, capacity 5002K, committed 5040K, reserved 1048576K
}
Event: 8.517 GC heap before
{Heap before GC invocations=8 (full 2):
 PSYoungGen      total 228352K, used 8324K [0x00000000d5580000, 0x00000000e4700000, 0x0000000100000000)
  eden space 212480K, 0% used [0x00000000d5580000,0x00000000d5580000,0x00000000e2500000)
  from space 15872K, 52% used [0x00000000e3380000,0x00000000e3ba1320,0x00000000e4300000)
  to   space 14848K, 0% used [0x00000000e2500000,0x00000000e2500000,0x00000000e3380000)
 ParOldGen       total 95744K, used 10362K [0x0000000080000000, 0x0000000085d80000, 0x00000000d5580000)
  object space 95744K, 10% used [0x0000000080000000,0x0000000080a1eb50,0x0000000085d80000)
 Metaspace       used 34322K, capacity 35414K, committed 35496K, reserved 1079296K
  class space    used 4720K, capacity 5002K, committed 5040K, reserved 1048576K
Event: 8.645 GC heap after
Heap after GC invocations=8 (full 2):
 PSYoungGen      total 228352K, used 0K [0x00000000d5580000, 0x00000000e4700000, 0x0000000100000000)
  eden space 212480K, 0% used [0x00000000d5580000,0x00000000d5580000,0x00000000e2500000)
  from space 15872K, 0% used [0x00000000e3380000,0x00000000e3380000,0x00000000e4300000)
  to   space 14848K, 0% used [0x00000000e2500000,0x00000000e2500000,0x00000000e3380000)
 ParOldGen       total 150016K, used 14675K [0x0000000080000000, 0x0000000089280000, 0x00000000d5580000)
  object space 150016K, 9% used [0x0000000080000000,0x0000000080e54f60,0x0000000089280000)
 Metaspace       used 34322K, capacity 35414K, committed 35496K, reserved 1079296K
  class space    used 4720K, capacity 5002K, committed 5040K, reserved 1048576K
}
Event: 11.294 GC heap before
{Heap before GC invocations=9 (full 2):
 PSYoungGen      total 228352K, used 212480K [0x00000000d5580000, 0x00000000e4700000, 0x0000000100000000)
  eden space 212480K, 100% used [0x00000000d5580000,0x00000000e2500000,0x00000000e2500000)
  from space 15872K, 0% used [0x00000000e3380000,0x00000000e3380000,0x00000000e4300000)
  to   space 14848K, 0% used [0x00000000e2500000,0x00000000e2500000,0x00000000e3380000)
 ParOldGen       total 150016K, used 14675K [0x0000000080000000, 0x0000000089280000, 0x00000000d5580000)
  object space 150016K, 9% used [0x0000000080000000,0x0000000080e54f60,0x0000000089280000)
 Metaspace       used 45379K, capacity 47146K, committed 47528K, reserved 1089536K
  class space    used 6140K, capacity 6481K, committed 6576K, reserved 1048576K
Event: 11.331 GC heap after
Heap after GC invocations=9 (full 2):
 PSYoungGen      total 227328K, used 14846K [0x00000000d5580000, 0x00000000eac00000, 0x0000000100000000)
  eden space 212480K, 0% used [0x00000000d5580000,0x00000000d5580000,0x00000000e2500000)
  from space 14848K, 99% used [0x00000000e2500000,0x00000000e337fa40,0x00000000e3380000)
  to   space 20480K, 0% used [0x00000000e9800000,0x00000000e9800000,0x00000000eac00000)
 ParOldGen       total 150016K, used 21415K [0x0000000080000000, 0x0000000089280000, 0x00000000d5580000)
  object space 150016K, 14% used [0x0000000080000000,0x00000000814e9d50,0x0000000089280000)
 Metaspace       used 45379K, capacity 47146K, committed 47528K, reserved 1089536K
  class space    used 6140K, capacity 6481K, committed 6576K, reserved 1048576K
}
Event: 14.051 GC heap before
{Heap before GC invocations=10 (full 2):
 PSYoungGen      total 227328K, used 152530K [0x00000000d5580000, 0x00000000eac00000, 0x0000000100000000)
  eden space 212480K, 64% used [0x00000000d5580000,0x00000000ddbf5060,0x00000000e2500000)
  from space 14848K, 99% used [0x00000000e2500000,0x00000000e337fa40,0x00000000e3380000)
  to   space 20480K, 0% used [0x00000000e9800000,0x00000000e9800000,0x00000000eac00000)
 ParOldGen       total 150016K, used 21415K [0x0000000080000000, 0x0000000089280000, 0x00000000d5580000)
  object space 150016K, 14% used [0x0000000080000000,0x00000000814e9d50,0x0000000089280000)
 Metaspace       used 56826K, capacity 59116K, committed 59160K, reserved 1099776K
  class space    used 7775K, capacity 8231K, committed 8240K, reserved 1048576K
Event: 14.123 GC heap after
Heap after GC invocations=10 (full 2):
 PSYoungGen      total 324096K, used 20459K [0x00000000d5580000, 0x00000000eba00000, 0x0000000100000000)
  eden space 303616K, 0% used [0x00000000d5580000,0x00000000d5580000,0x00000000e7e00000)
  from space 20480K, 99% used [0x00000000e9800000,0x00000000eabfacc8,0x00000000eac00000)
  to   space 26624K, 0% used [0x00000000e7e00000,0x00000000e7e00000,0x00000000e9800000)
 ParOldGen       total 150016K, used 28928K [0x0000000080000000, 0x0000000089280000, 0x00000000d5580000)
  object space 150016K, 19% used [0x0000000080000000,0x0000000081c400b8,0x0000000089280000)
 Metaspace       used 56826K, capacity 59116K, committed 59160K, reserved 1099776K
  class space    used 7775K, capacity 8231K, committed 8240K, reserved 1048576K
}
Event: 14.123 GC heap before
{Heap before GC invocations=11 (full 3):
 PSYoungGen      total 324096K, used 20459K [0x00000000d5580000, 0x00000000eba00000, 0x0000000100000000)
  eden space 303616K, 0% used [0x00000000d5580000,0x00000000d5580000,0x00000000e7e00000)
  from space 20480K, 99% used [0x00000000e9800000,0x00000000eabfacc8,0x00000000eac00000)
  to   space 26624K, 0% used [0x00000000e7e00000,0x00000000e7e00000,0x00000000e9800000)
 ParOldGen       total 150016K, used 28928K [0x0000000080000000, 0x0000000089280000, 0x00000000d5580000)
  object space 150016K, 19% used [0x0000000080000000,0x0000000081c400b8,0x0000000089280000)
 Metaspace       used 56826K, capacity 59116K, committed 59160K, reserved 1099776K
  class space    used 7775K, capacity 8231K, committed 8240K, reserved 1048576K
Event: 14.451 GC heap after
Heap after GC invocations=11 (full 3):
 PSYoungGen      total 324096K, used 0K [0x00000000d5580000, 0x00000000eba00000, 0x0000000100000000)
  eden space 303616K, 0% used [0x00000000d5580000,0x00000000d5580000,0x00000000e7e00000)
  from space 20480K, 0% used [0x00000000e9800000,0x00000000e9800000,0x00000000eac00000)
  to   space 26624K, 0% used [0x00000000e7e00000,0x00000000e7e00000,0x00000000e9800000)
 ParOldGen       total 229376K, used 39773K [0x0000000080000000, 0x000000008e000000, 0x00000000d5580000)
  object space 229376K, 17% used [0x0000000080000000,0x00000000826d7410,0x000000008e000000)
 Metaspace       used 56807K, capacity 59050K, committed 59160K, reserved 1099776K
  class space    used 7769K, capacity 8220K, committed 8240K, reserved 1048576K
}

